This is pdfTeX, Version 3.1415926-1.40.10 (TeX Live 2009/Debian) (format=pdflatex 2012.2.17)  18 APR 2012 14:38
entering extended mode
 %&-line parsing enabled.
**verslag.tex
(./verslag.tex
LaTeX2e <2009/09/24>
Babel <v3.8l> and hyphenation patterns for english, usenglishmax, dumylang, noh
yphenation, loaded.
(/usr/share/texmf-texlive/tex/latex/base/article.cls
Document Class: article 2007/10/19 v1.4h Standard LaTeX document class
(/usr/share/texmf-texlive/tex/latex/base/size10.clo
File: size10.clo 2007/10/19 v1.4h Standard LaTeX file (size option)
)
\c@part=\count79
\c@section=\count80
\c@subsection=\count81
\c@subsubsection=\count82
\c@paragraph=\count83
\c@subparagraph=\count84
\c@figure=\count85
\c@table=\count86
\abovecaptionskip=\skip41
\belowcaptionskip=\skip42
\bibindent=\dimen102
)
(/usr/share/texmf-texlive/tex/latex/base/fontenc.sty
Package: fontenc 2005/09/27 v1.99g Standard LaTeX package

(/usr/share/texmf-texlive/tex/latex/base/t1enc.def
File: t1enc.def 2005/09/27 v1.99g Standard LaTeX file
LaTeX Font Info:    Redeclaring font encoding T1 on input line 43.
))
(/home/vincent/texmf/tex/latex/winfonts/winfonts.sty
Package: winfonts 2006/01/13 v1.0 winfonts (Math Design Project)

(/usr/share/texmf-texlive/tex/latex/base/textcomp.sty
Package: textcomp 2005/09/27 v1.99g Standard LaTeX package
Package textcomp Info: Sub-encoding information:
(textcomp)               5 = only ISO-Adobe without \textcurrency
(textcomp)               4 = 5 + \texteuro
(textcomp)               3 = 4 + \textohm
(textcomp)               2 = 3 + \textestimated + \textcurrency
(textcomp)               1 = TS1 - \textcircled - \t
(textcomp)               0 = TS1 (full)
(textcomp)             Font families with sub-encoding setting implement
(textcomp)             only a restricted character set as indicated.
(textcomp)             Family '?' is the default used for unknown fonts.
(textcomp)             See the documentation for details.
Package textcomp Info: Setting ? sub-encoding to TS1/1 on input line 71.

(/usr/share/texmf-texlive/tex/latex/base/ts1enc.def
File: ts1enc.def 2001/06/05 v3.0e (jk/car/fm) Standard LaTeX file
)
LaTeX Info: Redefining \oldstylenums on input line 266.
Package textcomp Info: Setting cmr sub-encoding to TS1/0 on input line 281.
Package textcomp Info: Setting cmss sub-encoding to TS1/0 on input line 282.
Package textcomp Info: Setting cmtt sub-encoding to TS1/0 on input line 283.
Package textcomp Info: Setting cmvtt sub-encoding to TS1/0 on input line 284.
Package textcomp Info: Setting cmbr sub-encoding to TS1/0 on input line 285.
Package textcomp Info: Setting cmtl sub-encoding to TS1/0 on input line 286.
Package textcomp Info: Setting ccr sub-encoding to TS1/0 on input line 287.
Package textcomp Info: Setting ptm sub-encoding to TS1/4 on input line 288.
Package textcomp Info: Setting pcr sub-encoding to TS1/4 on input line 289.
Package textcomp Info: Setting phv sub-encoding to TS1/4 on input line 290.
Package textcomp Info: Setting ppl sub-encoding to TS1/3 on input line 291.
Package textcomp Info: Setting pag sub-encoding to TS1/4 on input line 292.
Package textcomp Info: Setting pbk sub-encoding to TS1/4 on input line 293.
Package textcomp Info: Setting pnc sub-encoding to TS1/4 on input line 294.
Package textcomp Info: Setting pzc sub-encoding to TS1/4 on input line 295.
Package textcomp Info: Setting bch sub-encoding to TS1/4 on input line 296.
Package textcomp Info: Setting put sub-encoding to TS1/5 on input line 297.
Package textcomp Info: Setting uag sub-encoding to TS1/5 on input line 298.
Package textcomp Info: Setting ugq sub-encoding to TS1/5 on input line 299.
Package textcomp Info: Setting ul8 sub-encoding to TS1/4 on input line 300.
Package textcomp Info: Setting ul9 sub-encoding to TS1/4 on input line 301.
Package textcomp Info: Setting augie sub-encoding to TS1/5 on input line 302.
Package textcomp Info: Setting dayrom sub-encoding to TS1/3 on input line 303.
Package textcomp Info: Setting dayroms sub-encoding to TS1/3 on input line 304.

Package textcomp Info: Setting pxr sub-encoding to TS1/0 on input line 305.
Package textcomp Info: Setting pxss sub-encoding to TS1/0 on input line 306.
Package textcomp Info: Setting pxtt sub-encoding to TS1/0 on input line 307.
Package textcomp Info: Setting txr sub-encoding to TS1/0 on input line 308.
Package textcomp Info: Setting txss sub-encoding to TS1/0 on input line 309.
Package textcomp Info: Setting txtt sub-encoding to TS1/0 on input line 310.
Package textcomp Info: Setting futs sub-encoding to TS1/4 on input line 311.
Package textcomp Info: Setting futx sub-encoding to TS1/4 on input line 312.
Package textcomp Info: Setting futj sub-encoding to TS1/4 on input line 313.
Package textcomp Info: Setting hlh sub-encoding to TS1/3 on input line 314.
Package textcomp Info: Setting hls sub-encoding to TS1/3 on input line 315.
Package textcomp Info: Setting hlst sub-encoding to TS1/3 on input line 316.
Package textcomp Info: Setting hlct sub-encoding to TS1/5 on input line 317.
Package textcomp Info: Setting hlx sub-encoding to TS1/5 on input line 318.
Package textcomp Info: Setting hlce sub-encoding to TS1/5 on input line 319.
Package textcomp Info: Setting hlcn sub-encoding to TS1/5 on input line 320.
Package textcomp Info: Setting hlcw sub-encoding to TS1/5 on input line 321.
Package textcomp Info: Setting hlcf sub-encoding to TS1/5 on input line 322.
Package textcomp Info: Setting pplx sub-encoding to TS1/3 on input line 323.
Package textcomp Info: Setting pplj sub-encoding to TS1/3 on input line 324.
Package textcomp Info: Setting ptmx sub-encoding to TS1/4 on input line 325.
Package textcomp Info: Setting ptmj sub-encoding to TS1/4 on input line 326.
))
(/usr/share/texmf-texlive/tex/latex/fancyhdr/fancyhdr.sty
\fancy@headwidth=\skip43
\f@ncyO@elh=\skip44
\f@ncyO@erh=\skip45
\f@ncyO@olh=\skip46
\f@ncyO@orh=\skip47
\f@ncyO@elf=\skip48
\f@ncyO@erf=\skip49
\f@ncyO@olf=\skip50
\f@ncyO@orf=\skip51
)
(/usr/share/texmf-texlive/tex/latex/graphics/graphicx.sty
Package: graphicx 1999/02/16 v1.0f Enhanced LaTeX Graphics (DPC,SPQR)

(/usr/share/texmf-texlive/tex/latex/graphics/keyval.sty
Package: keyval 1999/03/16 v1.13 key=value parser (DPC)
\KV@toks@=\toks14
)
(/usr/share/texmf-texlive/tex/latex/graphics/graphics.sty
Package: graphics 2009/02/05 v1.0o Standard LaTeX Graphics (DPC,SPQR)

(/usr/share/texmf-texlive/tex/latex/graphics/trig.sty
Package: trig 1999/03/16 v1.09 sin cos tan (DPC)
)
(/etc/texmf/tex/latex/config/graphics.cfg
File: graphics.cfg 2009/08/28 v1.8 graphics configuration of TeX Live
)
Package graphics Info: Driver file: pdftex.def on input line 91.

(/usr/share/texmf-texlive/tex/latex/pdftex-def/pdftex.def
File: pdftex.def 2010/03/12 v0.04p Graphics/color for pdfTeX
\Gread@gobject=\count87
))
\Gin@req@height=\dimen103
\Gin@req@width=\dimen104
)
(/usr/share/texmf-texlive/tex/latex/graphics/lscape.sty
Package: lscape 2000/10/22 v3.01 Landscape Pages (DPC)
)
(/usr/share/texmf-texlive/tex/latex/wrapfig/wrapfig.sty
\wrapoverhang=\dimen105
\WF@size=\dimen106
\c@WF@wrappedlines=\count88
\WF@box=\box26
\WF@everypar=\toks15
Package: wrapfig 2003/01/31  v 3.6
)
(/usr/share/texmf-texlive/tex/generic/babel/babel.sty
Package: babel 2008/07/06 v3.8l The Babel package

(/usr/share/texmf-texlive/tex/generic/babel/dutch.ldf
Language: dutch 2005/03/30 v3.8i Dutch support from the babel system

(/usr/share/texmf-texlive/tex/generic/babel/babel.def
File: babel.def 2008/07/06 v3.8l Babel common definitions
\babel@savecnt=\count89
\U@D=\dimen107
)

Package babel Warning: No hyphenation patterns were loaded for
(babel)                the language `Dutch'
(babel)                I will use the patterns loaded for \language=0 instead.

\l@dutch = a dialect from \language0
Package babel Info: Making " an active character on input line 132.
)) (/usr/share/texmf-texlive/tex/latex/hyperref/hyperref.sty
Package: hyperref 2009/10/09 v6.79a Hypertext links for LaTeX

(/usr/share/texmf-texlive/tex/generic/oberdiek/ifpdf.sty
Package: ifpdf 2009/04/10 v2.0 Provides the ifpdf switch (HO)
Package ifpdf Info: pdfTeX in pdf mode detected.
)
(/usr/share/texmf-texlive/tex/generic/oberdiek/ifvtex.sty
Package: ifvtex 2008/11/04 v1.4 Switches for detecting VTeX and its modes (HO)
Package ifvtex Info: VTeX not detected.
)
(/usr/share/texmf-texlive/tex/generic/ifxetex/ifxetex.sty
Package: ifxetex 2009/01/23 v0.5 Provides ifxetex conditional
)
(/usr/share/texmf-texlive/tex/latex/oberdiek/hycolor.sty
Package: hycolor 2009/10/02 v1.5 Code for color options of hyperref/bookmark (H
O)

(/usr/share/texmf-texlive/tex/latex/oberdiek/xcolor-patch.sty
Package: xcolor-patch 2009/10/02 xcolor patch
))
\@linkdim=\dimen108
\Hy@linkcounter=\count90
\Hy@pagecounter=\count91

(/usr/share/texmf-texlive/tex/latex/hyperref/pd1enc.def
File: pd1enc.def 2009/10/09 v6.79a Hyperref: PDFDocEncoding definition (HO)
)
(/usr/share/texmf-texlive/tex/generic/oberdiek/etexcmds.sty
Package: etexcmds 2007/12/12 v1.2 Prefix for e-TeX command names (HO)

(/usr/share/texmf-texlive/tex/generic/oberdiek/infwarerr.sty
Package: infwarerr 2007/09/09 v1.2 Providing info/warning/message (HO)
)
Package etexcmds Info: Could not find \expanded.
(etexcmds)             That can mean that you are not using pdfTeX 1.50 or
(etexcmds)             that some package has redefined \expanded.
(etexcmds)             In the latter case, load this package earlier.
)
(/usr/share/texmf-texlive/tex/latex/latexconfig/hyperref.cfg
File: hyperref.cfg 2002/06/06 v1.2 hyperref configuration of TeXLive
)
(/usr/share/texmf-texlive/tex/latex/oberdiek/kvoptions.sty
Package: kvoptions 2009/08/13 v3.4 Keyval support for LaTeX options (HO)

(/usr/share/texmf-texlive/tex/generic/oberdiek/kvsetkeys.sty
Package: kvsetkeys 2009/07/30 v1.5 Key value parser with default handler suppor
t (HO)
))
Package hyperref Info: Hyper figures OFF on input line 2975.
Package hyperref Info: Link nesting OFF on input line 2980.
Package hyperref Info: Hyper index ON on input line 2983.
Package hyperref Info: Plain pages OFF on input line 2990.
Package hyperref Info: Backreferencing OFF on input line 2995.

Implicit mode ON; LaTeX internals redefined
Package hyperref Info: Bookmarks ON on input line 3191.
(/usr/share/texmf-texlive/tex/latex/ltxmisc/url.sty
\Urlmuskip=\muskip10
Package: url 2006/04/12  ver 3.3  Verb mode for urls, etc.
)
LaTeX Info: Redefining \url on input line 3428.

(/usr/share/texmf-texlive/tex/generic/oberdiek/bitset.sty
Package: bitset 2007/09/28 v1.0 Data type bit set (HO)

(/usr/share/texmf-texlive/tex/generic/oberdiek/intcalc.sty
Package: intcalc 2007/09/27 v1.1 Expandable integer calculations (HO)
)
(/usr/share/texmf-texlive/tex/generic/oberdiek/bigintcalc.sty
Package: bigintcalc 2007/11/11 v1.1 Expandable big integer calculations (HO)

(/usr/share/texmf-texlive/tex/generic/oberdiek/pdftexcmds.sty
Package: pdftexcmds 2009/09/23 v0.6 LuaTeX support for pdfTeX utility functions
 (HO)

(/usr/share/texmf-texlive/tex/generic/oberdiek/ifluatex.sty
Package: ifluatex 2009/04/17 v1.2 Provides the ifluatex switch (HO)
Package ifluatex Info: LuaTeX not detected.
)
(/usr/share/texmf-texlive/tex/generic/oberdiek/ltxcmds.sty
Package: ltxcmds 2009/08/05 v1.0 Some LaTeX kernel commands for general use (HO
)
)
Package pdftexcmds Info: LuaTeX not detected.
Package pdftexcmds Info: \pdf@primitive is available.
Package pdftexcmds Info: \pdf@ifprimitive is available.
)))
\Fld@menulength=\count92
\Field@Width=\dimen109
\Fld@charsize=\dimen110
\Field@toks=\toks16
Package hyperref Info: Hyper figures OFF on input line 4377.
Package hyperref Info: Link nesting OFF on input line 4382.
Package hyperref Info: Hyper index ON on input line 4385.
Package hyperref Info: backreferencing OFF on input line 4392.
Package hyperref Info: Link coloring OFF on input line 4397.
Package hyperref Info: Link coloring with OCG OFF on input line 4402.
Package hyperref Info: PDF/A mode OFF on input line 4407.

(/usr/share/texmf-texlive/tex/generic/oberdiek/atbegshi.sty
Package: atbegshi 2008/07/31 v1.9 At begin shipout hook (HO)
)
\Hy@abspage=\count93
\c@Item=\count94
\c@Hfootnote=\count95
)
*hyperref using default driver hpdftex*
(/usr/share/texmf-texlive/tex/latex/hyperref/hpdftex.def
File: hpdftex.def 2009/10/09 v6.79a Hyperref driver for pdfTeX
\Fld@listcount=\count96
)
(/usr/share/texmf-texlive/tex/latex/ltxmisc/parskip.sty
Package: parskip 2001/04/09 non-zero parskip adjustments
) (./verslag.aux)
\openout1 = `verslag.aux'.

LaTeX Font Info:    Checking defaults for OML/cmm/m/it on input line 68.
LaTeX Font Info:    ... okay on input line 68.
LaTeX Font Info:    Checking defaults for T1/cmr/m/n on input line 68.
LaTeX Font Info:    ... okay on input line 68.
LaTeX Font Info:    Checking defaults for OT1/cmr/m/n on input line 68.
LaTeX Font Info:    ... okay on input line 68.
LaTeX Font Info:    Checking defaults for OMS/cmsy/m/n on input line 68.
LaTeX Font Info:    ... okay on input line 68.
LaTeX Font Info:    Checking defaults for OMX/cmex/m/n on input line 68.
LaTeX Font Info:    ... okay on input line 68.
LaTeX Font Info:    Checking defaults for U/cmr/m/n on input line 68.
LaTeX Font Info:    ... okay on input line 68.
LaTeX Font Info:    Checking defaults for TS1/cmr/m/n on input line 68.
LaTeX Font Info:    Try loading font information for TS1+cmr on input line 68.

(/usr/share/texmf-texlive/tex/latex/base/ts1cmr.fd
File: ts1cmr.fd 1999/05/25 v2.5h Standard LaTeX font definitions
)
LaTeX Font Info:    ... okay on input line 68.
LaTeX Font Info:    Checking defaults for PD1/pdf/m/n on input line 68.
LaTeX Font Info:    ... okay on input line 68.

(/usr/share/texmf-texlive/tex/context/base/supp-pdf.mkii
[Loading MPS to PDF converter (version 2006.09.02).]
\scratchcounter=\count97
\scratchdimen=\dimen111
\scratchbox=\box27
\nofMPsegments=\count98
\nofMParguments=\count99
\everyMPshowfont=\toks17
\MPscratchCnt=\count100
\MPscratchDim=\dimen112
\MPnumerator=\count101
\everyMPtoPDFconversion=\toks18
)
Package hyperref Info: Link coloring OFF on input line 68.
 (/usr/share/texmf-texlive/tex/latex/hyperref/nameref.sty
Package: nameref 2007/05/29 v2.31 Cross-referencing by name of section

(/usr/share/texmf-texlive/tex/latex/oberdiek/refcount.sty
Package: refcount 2008/08/11 v3.1 Data extraction from references (HO)
)
\c@section@level=\count102
)
LaTeX Info: Redefining \ref on input line 68.
LaTeX Info: Redefining \pageref on input line 68.
 (./verslag.out)
(./verslag.out)
\@outlinefile=\write3
\openout3 = `verslag.out'.

\AtBeginShipoutBox=\box28
LaTeX Font Info:    External font `cmex10' loaded for size
(Font)              <12> on input line 74.
LaTeX Font Info:    External font `cmex10' loaded for size
(Font)              <8> on input line 74.
LaTeX Font Info:    External font `cmex10' loaded for size
(Font)              <6> on input line 74.
LaTeX Font Info:    External font `cmex10' loaded for size
(Font)              <7> on input line 77.
LaTeX Font Info:    External font `cmex10' loaded for size
(Font)              <5> on input line 77.

Overfull \hbox (71.52997pt too wide) in paragraph at lines 77--86
[][] 
 []

[1

{/var/lib/texmf/fonts/map/pdftex/updmap/pdftex.map}]
Underfull \hbox (badness 10000) in paragraph at lines 89--98

 []


Underfull \hbox (badness 10000) in paragraph at lines 99--106

 []


Overfull \hbox (43.44994pt too wide) in paragraph at lines 111--130
[] 
 []

<tassbw.pdf, id=91, 845.1575pt x 349.305pt>
File: tassbw.pdf Graphic file (type pdf)
 <use tassbw.pdf>

Package Fancyhdr Warning: \headheight is too small (12.0pt): 
 Make it at least 33.60004pt.
 We now make it that large for the rest of the document.
 This may cause the page layout to be inconsistent, however.

[2 <./tassbw.pdf>] (./verslag.toc)
\tf@toc=\write4
\openout4 = `verslag.toc'.

 (./verslag.lot)
\tf@lot=\write5
\openout5 = `verslag.lot'.

 (./verslag.lof
File: tassbw.pdf Graphic file (type pdf)

<use tassbw.pdf> [3])
\tf@lof=\write6
\openout6 = `verslag.lof'.

File: tassbw.pdf Graphic file (type pdf)
 <use tassbw.pdf> [4]
<tass_eindhoven.pdf, id=163, 1606.0pt x 1204.5pt>
File: tass_eindhoven.pdf Graphic file (type pdf)
 <use tass_eindhoven.pdf>
Underfull \hbox (badness 3849) in paragraph at lines 150--155
\T1/cmr/m/n/10 is bij an-dere bedri-jven. Zeker
 []


Underfull \hbox (badness 1616) in paragraph at lines 150--155
\T1/cmr/m/n/10 nog een goede re-latie met vorige
 []


Underfull \hbox (badness 5533) in paragraph at lines 150--155
\T1/cmr/m/n/10 veel met Philips samen. An-
 []


Underfull \hbox (badness 5607) in paragraph at lines 156--161
\T1/cmr/m/n/10 ook een aan-tal pro-jecten in-tern
 []


Overfull \hbox (3.27606pt too wide) in paragraph at lines 168--173
\T1/cmr/m/n/10 man-agers van TASS. Een ac-count man-ager heeft een aan-tal bedr
i-jven in zijn/haar
 []

File: tassbw.pdf Graphic file (type pdf)
<use tassbw.pdf> [5 <./tass_eindhoven.pdf>]
<openremote.pdf, id=172, 246.70268pt x 246.70268pt>
File: openremote.pdf Graphic file (type pdf)
 <use openremote.pdf>
Underfull \hbox (badness 4765) in paragraph at lines 204--212
[][]\T1/cmr/m/n/10 Het prod-uct wat on-twikkeld zal
 []


Underfull \hbox (badness 2285) in paragraph at lines 204--212
\T1/cmr/m/n/10 namelijk Open-Re-mote. Open-Re-
 []


Underfull \hbox (badness 2608) in paragraph at lines 204--212
\T1/cmr/m/n/10 zouden graag zien dat onze uit-
 []


Underfull \hbox (badness 1092) in paragraph at lines 204--212
\T1/cmr/m/n/10 brei-d-ing opgenomen zullen wor-den
 []

File: tassbw.pdf Graphic file (type pdf)
<use tassbw.pdf> [6 <./openremote.pdf>]
Overfull \hbox (10.14282pt too wide) in paragraph at lines 237--240
\T1/cmr/m/n/10 we-bap-pli-catie te down-loaden die kan werken met de Open-Re-mo
te con-troller. 
 []


Overfull \hbox (6.27423pt too wide) in paragraph at lines 274--277
[]\T1/cmr/m/n/10 Voor dit project zal SCRUM ge-bruikt als on-twikkel-method-iek
, om-dat het daarmee
 []

File: tassbw.pdf Graphic file (type pdf)
<use tassbw.pdf> [7]
File: tassbw.pdf Graphic file (type pdf)
 <use tassbw.pdf> [8]
File: tassbw.pdf Graphic file (type pdf)
 <use tassbw.pdf> [9]
File: tassbw.pdf Graphic file (type pdf)

<use tassbw.pdf> [10]
Overfull \hbox (9.66339pt too wide) in paragraph at lines 397--400
\T1/cmr/m/n/10 Voor de An-droid ap-pli-catie wordt ge-bruik gemaakt van de Ecli
pse on-twikkelomgev-
 []

File: tassbw.pdf Graphic file (type pdf)
<use tassbw.pdf> [11]
File: tassbw.pdf Graphic file (type pdf)
 <use tassbw.pdf> [12]
File: tassbw.pdf Graphic file (type pdf)
 <use tassbw.pdf> [13]
<dreamplug.pdf, id=214, 304.09811pt x 232.84088pt>
File: dreamplug.pdf Graphic file (type pdf)
 <use dreamplug.pdf>
File: tassbw.pdf Graphic file (type pdf)

<use tassbw.pdf> [14 <./dreamplug.pdf>]
<tomcat.pdf, id=225, 130.4875pt x 92.345pt>
File: tomcat.pdf Graphic file (type pdf)
 <use tomcat.pdf>
Underfull \hbox (badness 1189) in paragraph at lines 505--517
\T1/cmr/m/n/10 CSR file gemaakt kon wor-den en
 []

<userlist.pdf, id=226, 798.88564pt x 448.62004pt>
File: userlist.pdf Graphic file (type pdf)
 <use userlist.pdf>
File: tassbw.pdf Graphic file (type pdf)

<use tassbw.pdf> [15 <./tomcat.pdf>]
File: tassbw.pdf Graphic file (type pdf)
 <use tassbw.pdf> [16 <./userlist.pdf>]
File: tassbw.pdf Graphic file (type pdf)

<use tassbw.pdf> [17] <adminv1.pdf, id=250, 814.04124pt x 347.2975pt>
File: adminv1.pdf Graphic file (type pdf)

<use adminv1.pdf>
Overfull \hbox (6.59598pt too wide) in paragraph at lines 680--681
 [][] 
 []


LaTeX Warning: `!h' float specifier changed to `!ht'.

File: tassbw.pdf Graphic file (type pdf)
<use tassbw.pdf> [18]
File: tassbw.pdf Graphic file (type pdf)
 <use tassbw.pdf> [19 <./adminv1.pdf>]
File: tassbw.pdf Graphic file (type pdf)
 <use tassbw.pdf>
[20]

pdfTeX warning: pdflatex (file ./DomoTopSequenceDiagram_without_title.pdf): PDF
 inclusion: found PDF version <1.7>, but at most version <1.4> allowed
<DomoTopSequenceDiagram_without_title.pdf, id=269, 958.93254pt x 718.63483pt>
File: DomoTopSequenceDiagram_without_title.pdf Graphic file (type pdf)

<use DomoTopSequenceDiagram_without_title.pdf>

LaTeX Warning: Float too large for page by 23.94397pt on input line 754.


LaTeX Warning: `!h' float specifier changed to `!ht'.

File: tassbw.pdf Graphic file (type pdf)
<use tassbw.pdf> [21 <./DomoTopSequenceDiagram_without_title.pdf>]
<adminv2config.pdf, id=431, 804.90715pt x 589.12798pt>
File: adminv2config.pdf Graphic file (type pdf)
 <use adminv2config.pdf>
LaTeX Font Info:    Try loading font information for T1+cmtt on input line 771.


(/usr/share/texmf-texlive/tex/latex/base/t1cmtt.fd
File: t1cmtt.fd 1999/05/25 v2.5h Standard LaTeX font definitions
)
File: tassbw.pdf Graphic file (type pdf)
 <use tassbw.pdf> [22


 <./adminv2config.pdf>]
Overfull \hbox (35.31021pt too wide) in paragraph at lines 778--816
[] 
 []

File: tassbw.pdf Graphic file (type pdf)
<use tassbw.pdf> [23]
File: tassbw.pdf Graphic file (type pdf)
 <use tassbw.pdf> [24]
File: tassbw.pdf Graphic file (type pdf)
 <use tassbw.pdf> [25]
File: tassbw.pdf Graphic file (type pdf)

<use tassbw.pdf> [26] (./verslag.aux) ) 
Here is how much of TeX's memory you used:
 5442 strings out of 495061
 77316 string characters out of 1182621
 151140 words of memory out of 3000000
 8459 multiletter control sequences out of 15000+50000
 13182 words of font info for 33 fonts, out of 3000000 for 9000
 28 hyphenation exceptions out of 8191
 38i,15n,43p,252b,402s stack positions out of 5000i,500n,10000p,200000b,50000s
{/usr/share/texmf/fonts/enc/dvips/cm-sup
er/cm-super-t1.enc}{/usr/share/texmf/fonts/enc/dvips/cm-super/cm-super-ts1.enc}
</usr/share/texmf/fonts/type1/public/cm-super/sfbx1000.pfb></usr/share/texmf/fo
nts/type1/public/cm-super/sfbx1200.pfb></usr/share/texmf/fonts/type1/public/cm-
super/sfbx1440.pfb></usr/share/texmf/fonts/type1/public/cm-super/sfrm0700.pfb><
/usr/share/texmf/fonts/type1/public/cm-super/sfrm1000.pfb></usr/share/texmf/fon
ts/type1/public/cm-super/sfrm1200.pfb></usr/share/texmf/fonts/type1/public/cm-s
uper/sfrm1728.pfb></usr/share/texmf/fonts/type1/public/cm-super/sftt1000.pfb>
Output written on verslag.pdf (26 pages, 882027 bytes).
PDF statistics:
 504 PDF objects out of 1000 (max. 8388607)
 64 named destinations out of 1000 (max. 500000)
 206 words of extra memory for PDF output out of 10000 (max. 10000000)

